d:\ebichan\documents\sanctam3\sanctam3project\sanctam3project\debug\sanctam3project.pch
d:\ebichan\documents\sanctam3\sanctam3project\sanctam3project\debug\vc141.pdb
d:\ebichan\documents\sanctam3\sanctam3project\sanctam3project\debug\vc141.idb
d:\ebichan\documents\sanctam3\sanctam3project\sanctam3project\debug\stdafx.obj
d:\ebichan\documents\sanctam3\sanctam3project\sanctam3project\debug\sanctam3project.obj
d:\ebichan\documents\sanctam3\sanctam3project\sanctam3project\debug\manager.obj
d:\ebichan\documents\sanctam3\sanctam3project\debug\sanctam3project.exe
d:\ebichan\documents\sanctam3\sanctam3project\debug\sanctam3project.ilk
d:\ebichan\documents\sanctam3\sanctam3project\debug\sanctam3project.pdb
d:\ebichan\documents\sanctam3\sanctam3project\sanctam3project\debug\sanctam3project.res
d:\ebichan\documents\sanctam3\sanctam3project\sanctam3project\debug\sanctam3project.obj.enc
d:\ebichan\documents\sanctam3\sanctam3project\sanctam3project\debug\sanctam3project.tlog\cl.command.1.tlog
d:\ebichan\documents\sanctam3\sanctam3project\sanctam3project\debug\sanctam3project.tlog\cl.read.1.tlog
d:\ebichan\documents\sanctam3\sanctam3project\sanctam3project\debug\sanctam3project.tlog\cl.write.1.tlog
d:\ebichan\documents\sanctam3\sanctam3project\sanctam3project\debug\sanctam3project.tlog\link.command.1.tlog
d:\ebichan\documents\sanctam3\sanctam3project\sanctam3project\debug\sanctam3project.tlog\link.read.1.tlog
d:\ebichan\documents\sanctam3\sanctam3project\sanctam3project\debug\sanctam3project.tlog\link.write.1.tlog
d:\ebichan\documents\sanctam3\sanctam3project\sanctam3project\debug\sanctam3project.tlog\rc.command.1.tlog
d:\ebichan\documents\sanctam3\sanctam3project\sanctam3project\debug\sanctam3project.tlog\rc.read.1.tlog
d:\ebichan\documents\sanctam3\sanctam3project\sanctam3project\debug\sanctam3project.tlog\rc.write.1.tlog
